I'm rewriting this report because I deleted the last one.
That's why my prompts are from 14th exercise.
I wrote everything into a file that was named "$USER_part.log". At least thats what I thought.
Turns out "$USER_part" was interpreted as an empty variable.

eltex-pg1-v9@eltex-2025-summer-19:06>:~$ ls
ls lsb_release lsinitramfs lslocks lsmod lspci lsattr
lscpu lsipc lslogins lsns lsusb
lsblk        lsfd         lsirq        lsmem        lsof

eltex-pg1-v9@eltex-2025-summer-19:06>:~$ $HIST
$HISTCMD       $HISTCONTROL   $HISTFILE      $HISTFILESIZE  $HISTSIZE

eltex-pg1-v9@eltex-2025-summer-19:06>:~$ echo $HISTSIZE
1000

eltex-pg1-v9@eltex-2025-summer-19:12>:~$ find -name ".*"
. ./.viminfo ./.config ./.ssh ./.profile
./.lesshst ./.bash_logout ./.local ./.eltex-pg1-v9_part2.log.swp ./.bash_history ./.Xauthority
./.bashrc

eltex-pg1-v9@eltex-2025-summer-19:17>:~$ echo 'export HISTTIMEFORMAT="%d.%m.%Y "' >> ~/.bashrc
eltex-pg1-v9@eltex-2025-summer-19:17>:~$ source .bashrc

eltex-pg1-v9@eltex-2025-summer-19:17>:~$ date
Fri Aug 15 07:19:08 PM +07 2025
eltex-pg1-v9@eltex-2025-summer-19:19>:~$ history | grep date
  134 07.07.2025 date 170 15.08.2025 date 171 15.08.2025 man date 172 15.08.2025 date %H 173
  15.08.2025 date '%H' 174 15.08.2025 man date 175 15.08.2025 date '%F' 176 15.08.2025 date %F 177
  15.08.2025 date +'%F' 178 15.08.2025 date +'%H:%M' 210 15.08.2025 mkdir $(date +'%Y')-{01..12..1}
  306 15.08.2025 date
  307  15.08.2025 history | grep date

eltex-pg1-v9@eltex-2025-summer-19:20>:~$ grep date "$HISTFILE"
date date man date date %H date '%H'
man date date '%F' date %F date +'%F' date +'%H:%M'
mkdir $(date +'%Y')-{01..12..1}

eltex-pg1-v9@eltex-2025-summer-19:22>:~$ echo 'export PROMPT_COMMAND="history -a"' >> ~/.bashrc
eltex-pg1-v9@eltex-2025-summer-19:28>:~$ source .bashrc

eltex-pg1-v9@eltex-2025-summer-19:28>:~$ grep date "$HISTFILE"
date date man date date %H date '%H'
man date date '%F' date %F date +'%F' date +'%H:%M' mkdir $(date +'%Y')-{01..12..1} date history |
grep date
grep date "$HISTFILE"

eltex-pg1-v9@eltex-2025-summer-19:30>:~$ DATE=$(date +"%d.%m.%Y")
eltex-pg1-v9@eltex-2025-summer-19:30>:~$ echo $DATE
15.08.2025

eltex-pg1-v9@eltex-2025-summer-19:30>:~$ TIME=$(date +"%H:%M:%S")
eltex-pg1-v9@eltex-2025-summer-19:31>:~$ echo $TIME
19:31:09

eltex-pg1-v9@eltex-2025-summer-19:31>:~$ DATE_TIME="$DATE $TIME"
eltex-pg1-v9@eltex-2025-summer-19:31>:~$ echo $DATE_TIME
15.08.2025 19:31:09

eltex-pg1-v9@eltex-2025-summer-19:33>:~$ find /bin/ /sbin/ -name "*[0-9]*" >> eltex-pg1-v9_part2.log

/bin/ping4
/bin/pod2html
/bin/python3.11
/bin/ssh-argv0
/bin/c99-gcc
/bin/x86_64-linux-gnu-gcc-ar-12
/bin/base64
/bin/gcov-dump-12
/bin/x86_64-linux-gnu-gcc-ranlib-12
/bin/enc2xs
/bin/x86_64-linux-gnu-gcc
/bin/gcov-tool-12
/bin/x86_64-linux-gnu-gcov-12
/bin/pod2usage
/bin/x86_64-linux-gnu-lto-dump
/bin/x86_64
/bin/x86_64-linux-gnu-objdump
/bin/addr2line
/bin/sha224sum
/bin/py3versions
/bin/linux32
/bin/x86_64-linux-gnu-objcopy
/bin/bzip2
/bin/pdb3
/bin/gcc-12
/bin/x86_64-linux-gnu-readelf
/bin/x86_64-linux-gnu-gcov-dump
/bin/x86_64-linux-gnu-ar
/bin/grub-mkpasswd-pbkdf2
/bin/x86_64-linux-gnu-gcov-tool
/bin/traceroute6.db
/bin/md5sum
/bin/bzip2recover
/bin/grub-menulst2cfg
/bin/x86_64-linux-gnu-cpp-12
/bin/x86_64-linux-gnu-size
/bin/x86_64-linux-gnu-gprofng
/bin/x86_64-linux-gnu-ld
/bin/x86_64-linux-gnu-gprof
/bin/h2xs
/bin/x86_64-linux-gnu-gcc-ranlib
/bin/x86_64-linux-gnu-ranlib
/bin/x86_64-linux-gnu-ld.gold
/bin/x86_64-linux-gnu-as
/bin/x86_64-linux-gnu-gold
/bin/pod2text
/bin/pydoc3
/bin/x86_64-linux-gnu-nm
/bin/x86_64-linux-gnu-elfedit
/bin/x86_64-linux-gnu-strip
/bin/x86_64-linux-gnu-gcc-nm-12
/bin/perl5.36.0
/bin/x86_64-linux-gnu-ld.bfd
/bin/pydoc3.11
/bin/x86_64-linux-gnu-gcov-tool-12
/bin/b2sum
/bin/c89
/bin/lto-dump-12
/bin/x86_64-linux-gnu-cpp
/bin/x86_64-linux-gnu-lto-dump-12
/bin/pod2man
/bin/sha1sum
/bin/c89-gcc
/bin/x86_64-linux-gnu-gcc-nm
/bin/pl2pm
/bin/ping6
/bin/h2ph
/bin/x86_64-linux-gnu-c++filt
/bin/x86_64-linux-gnu-gcc-ar
/bin/sha512sum
/bin/python3
/bin/x86_64-linux-gnu-gcc-12
/bin/gcc-ranlib-12
/bin/x86_64-linux-gnu-gp-display-src
/bin/base32
/bin/pygettext3
/bin/x86_64-linux-gnu-gp-collect-app
/bin/x86_64-linux-gnu-gcov
/bin/cpan5.36-x86_64-linux-gnu
/bin/md5sum.textutils
/bin/x86_64-linux-gnu-gp-archive
/bin/sha384sum
/bin/py3clean
/bin/x86_64-linux-gnu-gcov-dump-12
/bin/pdb3.11
/bin/perl5.36-x86_64-linux-gnu
/bin/c99
/bin/x86_64-linux-gnu-strings
/bin/linux64
/bin/x86_64-linux-gnu-gp-display-html
/bin/pygettext3.11
/bin/systemd-id128
/bin/x86_64-linux-gnu-dwp
/bin/gcov-12
/bin/i386
/bin/bunzip2
/bin/cpp-12
/bin/x86_64-linux-gnu-gp-display-text
/bin/x86_64-linux-gnu-addr2line
/bin/py3compile
/bin/grub-syslinux2cfg
/bin/traceroute6
/bin/diff3
/bin/gcc-nm-12
/bin/gcc-ar-12
/bin/sha256sum
/sbin/dumpe2fs
/sbin/e2fsck
/sbin/mkfs.ext3
/sbin/e2freefrag
/sbin/e2undo
/sbin/e2scrub_all
/sbin/tune2fs
/sbin/e2image
/sbin/e2label
/sbin/e4defrag
/sbin/e2mmpstatus
/sbin/mke2fs
/sbin/mkfs.ext4
/sbin/mkfs.ext2
/sbin/e4crypt
/sbin/killall5
/sbin/fsck.ext3
/sbin/fsck.ext2
/sbin/e2scrub
/sbin/resize2fs
/sbin/fsck.ext4
/sbin/update-grub2

eltex-pg1-v9@eltex-2025-summer-19:39>:~$ export PS1='\u@\h-$(date +%H:%M)> '

eltex-pg1-v9@eltex-2025-summer-19:40> echo "export PS1='\u@\h-$(date +%H:%M)> '" >> ~/.bashrc
eltex-pg1-v9@eltex-2025-summer-19:41> source .bashrc eltex-pg1-v9@eltex-2025-summer-19:41> bash
eltex-pg1-v9@eltex-2025-summer-19:41>

eltex-pg1-v9@eltex-2025-summer-19:41> mkdir $(date +'%Y')-{01..12..1}
eltex-pg1-v9@eltex-2025-summer-19:41> ls
2025-01 2025-04 2025-07 2025-10 eltex-pg1-v9_part2.log practice2_eltex-pg1-v9_part1.log
2025-02 2025-05 2025-08 2025-11 key2 report_part1.txt
2025-03  2025-06  2025-09  2025-12  key2.pub
